1: Video menu of first item on the list
3: Open menu
5: Move to button Share
7: Open Share
9: Move to Copy
11: Click Copy
13: Move over text editor
15: Focus text editor
17: Paste link
19: Enter
21: Move on close Share popup
23: Close Popup
25: Video menu of first item on the list
27: Open menu
29: Move over delete video button
31: Remove video
1: Video menu of first item on the list
3: Open menu
5: Move to button Share
7: Open Share
9: Move to Copy
11: Click Copy
13: Move over text editor
15: Focus text editor
17: Paste link
19: Enter
21: Move on close Share popup
23: Close Popup
25: Video menu of first item on the list
27: Open menu
29: Move over delete video button
31: Remove video
1: Video menu of first item on the list
3: Open menu
5: Move to button Share
7: Open Share
9: Move to Copy
11: Click Copy
13: Move over text editor
15: Focus text editor
17: Paste link
19: Enter
21: Move on close Share popup
23: Close Popup
25: Video menu of first item on the list
27: Open menu
29: Move over delete video button
31: Remove video
1: Video menu of first item on the list
3: Open menu
5: Move to button Share
7: Open Share
9: Move to Copy
11: Click Copy
13: Move over text editor
15: Focus text editor
17: Paste link
